{"/home/ishida/workspaces/work_nuxt/test/user-sample/server/domain/user/userUpdate.ts": {"path":"/home/ishida/workspaces/work_nuxt/test/user-sample/server/domain/user/userUpdate.ts","statementMap":{"0":{"start":{"line":10,"column":19},"end":{"line":10,"column":null}},"1":{"start":{"line":11,"column":18},"end":{"line":11,"column":null}},"2":{"start":{"line":13,"column":2},"end":{"line":16,"column":null}},"3":{"start":{"line":15,"column":4},"end":{"line":15,"column":null}},"4":{"start":{"line":18,"column":2},"end":{"line":26,"column":null}}},"fnMap":{"0":{"name":"decideUserUpdate","decl":{"start":{"line":5,"column":16},"end":{"line":5,"column":null}},"loc":{"start":{"line":9,"column":20},"end":{"line":27,"column":null}},"line":9}},"branchMap":{"0":{"loc":{"start":{"line":10,"column":19},"end":{"line":10,"column":null}},"type":"binary-expr","locations":[{"start":{"line":10,"column":19},"end":{"line":10,"column":27}},{"start":{"line":10,"column":27},"end":{"line":10,"column":null}}],"line":10},"1":{"loc":{"start":{"line":11,"column":18},"end":{"line":11,"column":null}},"type":"binary-expr","locations":[{"start":{"line":11,"column":18},"end":{"line":11,"column":25}},{"start":{"line":11,"column":25},"end":{"line":11,"column":null}}],"line":11},"2":{"loc":{"start":{"line":13,"column":2},"end":{"line":16,"column":null}},"type":"if","locations":[{"start":{"line":13,"column":2},"end":{"line":16,"column":null}},{"start":{},"end":{}}],"line":13},"3":{"loc":{"start":{"line":13,"column":6},"end":{"line":13,"column":54}},"type":"binary-expr","locations":[{"start":{"line":13,"column":6},"end":{"line":13,"column":32}},{"start":{"line":13,"column":32},"end":{"line":13,"column":54}}],"line":13}},"s":{"0":1,"1":1,"2":1,"3":0,"4":1},"f":{"0":1},"b":{"0":[1,0],"1":[1,0],"2":[0,1],"3":[1,0]},"meta":{"lastBranch":4,"lastFunction":1,"lastStatement":5,"seen":{"f:5:16:5:Infinity":0,"s:10:19:10:Infinity":0,"b:10:19:10:27:10:27:10:Infinity":0,"s:11:18:11:Infinity":1,"b:11:18:11:25:11:25:11:Infinity":1,"b:13:2:16:Infinity:undefined:undefined:undefined:undefined":2,"s:13:2:16:Infinity":2,"b:13:6:13:32:13:32:13:54":3,"s:15:4:15:Infinity":3,"s:18:2:26:Infinity":4}}}
,"/home/ishida/workspaces/work_nuxt/test/user-sample/server/services/userService.ts": {"path":"/home/ishida/workspaces/work_nuxt/test/user-sample/server/services/userService.ts","statementMap":{"0":{"start":{"line":6,"column":33},"end":{"line":37,"column":null}},"1":{"start":{"line":7,"column":28},"end":{"line":34,"column":null}},"2":{"start":{"line":12,"column":4},"end":{"line":12,"column":null}},"3":{"start":{"line":13,"column":10},"end":{"line":13,"column":null}},"4":{"start":{"line":15,"column":4},"end":{"line":15,"column":null}},"5":{"start":{"line":17,"column":10},"end":{"line":17,"column":null}},"6":{"start":{"line":18,"column":4},"end":{"line":18,"column":null}},"7":{"start":{"line":20,"column":4},"end":{"line":22,"column":null}},"8":{"start":{"line":21,"column":6},"end":{"line":21,"column":null}},"9":{"start":{"line":23,"column":24},"end":{"line":27,"column":null}},"10":{"start":{"line":24,"column":6},"end":{"line":24,"column":null}},"11":{"start":{"line":25,"column":6},"end":{"line":25,"column":null}},"12":{"start":{"line":26,"column":6},"end":{"line":26,"column":null}},"13":{"start":{"line":29,"column":4},"end":{"line":33,"column":null}},"14":{"start":{"line":36,"column":2},"end":{"line":36,"column":null}}},"fnMap":{"0":{"name":"(anonymous_0)","decl":{"start":{"line":6,"column":33},"end":{"line":6,"column":34}},"loc":{"start":{"line":6,"column":59},"end":{"line":37,"column":null}},"line":6},"1":{"name":"(anonymous_1)","decl":{"start":{"line":7,"column":28},"end":{"line":7,"column":null}},"loc":{"start":{"line":11,"column":25},"end":{"line":34,"column":null}},"line":11},"2":{"name":"(anonymous_2)","decl":{"start":{"line":23,"column":39},"end":{"line":23,"column":45}},"loc":{"start":{"line":23,"column":45},"end":{"line":27,"column":5}},"line":23}},"branchMap":{"0":{"loc":{"start":{"line":20,"column":4},"end":{"line":22,"column":null}},"type":"if","locations":[{"start":{"line":20,"column":4},"end":{"line":22,"column":null}},{"start":{},"end":{}}],"line":20}},"s":{"0":1,"1":1,"2":1,"3":1,"4":1,"5":1,"6":1,"7":1,"8":0,"9":1,"10":1,"11":1,"12":1,"13":1,"14":1},"f":{"0":1,"1":1,"2":1},"b":{"0":[0,1]},"meta":{"lastBranch":1,"lastFunction":3,"lastStatement":15,"seen":{"s:6:33:37:Infinity":0,"f:6:33:6:34":0,"s:7:28:34:Infinity":1,"f:7:28:7:Infinity":1,"s:12:4:12:Infinity":2,"s:13:10:13:Infinity":3,"s:15:4:15:Infinity":4,"s:17:10:17:Infinity":5,"s:18:4:18:Infinity":6,"b:20:4:22:Infinity:undefined:undefined:undefined:undefined":0,"s:20:4:22:Infinity":7,"s:21:6:21:Infinity":8,"s:23:24:27:Infinity":9,"f:23:39:23:45":2,"s:24:6:24:Infinity":10,"s:25:6:25:Infinity":11,"s:26:6:26:Infinity":12,"s:29:4:33:Infinity":13,"s:36:2:36:Infinity":14}}}
,"/home/ishida/workspaces/work_nuxt/test/user-sample/server/utils/Option.ts": {"path":"/home/ishida/workspaces/work_nuxt/test/user-sample/server/utils/Option.ts","statementMap":{"0":{"start":{"line":4,"column":20},"end":{"line":7,"column":null}},"1":{"start":{"line":4,"column":49},"end":{"line":7,"column":null}},"2":{"start":{"line":8,"column":20},"end":{"line":10,"column":null}},"3":{"start":{"line":8,"column":41},"end":{"line":10,"column":null}},"4":{"start":{"line":15,"column":2},"end":{"line":17,"column":null}},"5":{"start":{"line":16,"column":4},"end":{"line":16,"column":null}},"6":{"start":{"line":18,"column":2},"end":{"line":18,"column":null}},"7":{"start":{"line":21,"column":2},"end":{"line":23,"column":null}},"8":{"start":{"line":22,"column":4},"end":{"line":22,"column":null}},"9":{"start":{"line":24,"column":2},"end":{"line":24,"column":null}}},"fnMap":{"0":{"name":"(anonymous_0)","decl":{"start":{"line":4,"column":20},"end":{"line":4,"column":24}},"loc":{"start":{"line":4,"column":49},"end":{"line":7,"column":null}},"line":4},"1":{"name":"(anonymous_1)","decl":{"start":{"line":8,"column":20},"end":{"line":8,"column":41}},"loc":{"start":{"line":8,"column":41},"end":{"line":10,"column":null}},"line":8},"2":{"name":"optionToResult","decl":{"start":{"line":11,"column":16},"end":{"line":11,"column":null}},"loc":{"start":{"line":14,"column":16},"end":{"line":19,"column":null}},"line":14},"3":{"name":"unwrap","decl":{"start":{"line":20,"column":16},"end":{"line":20,"column":26}},"loc":{"start":{"line":20,"column":45},"end":{"line":25,"column":null}},"line":20}},"branchMap":{"0":{"loc":{"start":{"line":15,"column":2},"end":{"line":17,"column":null}},"type":"if","locations":[{"start":{"line":15,"column":2},"end":{"line":17,"column":null}},{"start":{},"end":{}}],"line":15},"1":{"loc":{"start":{"line":21,"column":2},"end":{"line":23,"column":null}},"type":"if","locations":[{"start":{"line":21,"column":2},"end":{"line":23,"column":null}},{"start":{},"end":{}}],"line":21}},"s":{"0":1,"1":0,"2":1,"3":0,"4":0,"5":0,"6":0,"7":1,"8":0,"9":1},"f":{"0":0,"1":0,"2":0,"3":1},"b":{"0":[0,0],"1":[0,1]},"meta":{"lastBranch":2,"lastFunction":4,"lastStatement":10,"seen":{"s:4:20:7:Infinity":0,"f:4:20:4:24":0,"s:4:49:7:Infinity":1,"s:8:20:10:Infinity":2,"f:8:20:8:41":1,"s:8:41:10:Infinity":3,"f:11:16:11:Infinity":2,"b:15:2:17:Infinity:undefined:undefined:undefined:undefined":0,"s:15:2:17:Infinity":4,"s:16:4:16:Infinity":5,"s:18:2:18:Infinity":6,"f:20:16:20:26":3,"b:21:2:23:Infinity:undefined:undefined:undefined:undefined":1,"s:21:2:23:Infinity":7,"s:22:4:22:Infinity":8,"s:24:2:24:Infinity":9}}}
,"/home/ishida/workspaces/work_nuxt/test/user-sample/server/utils/Result.ts": {"path":"/home/ishida/workspaces/work_nuxt/test/user-sample/server/utils/Result.ts","statementMap":{"0":{"start":{"line":6,"column":2},"end":{"line":6,"column":null}},"1":{"start":{"line":9,"column":2},"end":{"line":9,"column":null}},"2":{"start":{"line":16,"column":2},"end":{"line":18,"column":null}},"3":{"start":{"line":17,"column":4},"end":{"line":17,"column":null}},"4":{"start":{"line":19,"column":2},"end":{"line":19,"column":null}},"5":{"start":{"line":26,"column":2},"end":{"line":28,"column":null}},"6":{"start":{"line":27,"column":4},"end":{"line":27,"column":null}},"7":{"start":{"line":30,"column":2},"end":{"line":30,"column":null}}},"fnMap":{"0":{"name":"ok","decl":{"start":{"line":5,"column":16},"end":{"line":5,"column":22}},"loc":{"start":{"line":5,"column":50},"end":{"line":7,"column":null}},"line":5},"1":{"name":"err","decl":{"start":{"line":8,"column":16},"end":{"line":8,"column":23}},"loc":{"start":{"line":8,"column":51},"end":{"line":10,"column":null}},"line":8},"2":{"name":"map","decl":{"start":{"line":12,"column":16},"end":{"line":12,"column":null}},"loc":{"start":{"line":15,"column":16},"end":{"line":20,"column":null}},"line":15},"3":{"name":"flatMap","decl":{"start":{"line":22,"column":16},"end":{"line":22,"column":null}},"loc":{"start":{"line":25,"column":16},"end":{"line":31,"column":null}},"line":25}},"branchMap":{"0":{"loc":{"start":{"line":16,"column":2},"end":{"line":18,"column":null}},"type":"if","locations":[{"start":{"line":16,"column":2},"end":{"line":18,"column":null}},{"start":{},"end":{}}],"line":16},"1":{"loc":{"start":{"line":26,"column":2},"end":{"line":28,"column":null}},"type":"if","locations":[{"start":{"line":26,"column":2},"end":{"line":28,"column":null}},{"start":{},"end":{}}],"line":26}},"s":{"0":0,"1":0,"2":0,"3":0,"4":0,"5":0,"6":0,"7":0},"f":{"0":0,"1":0,"2":0,"3":0},"b":{"0":[0,0],"1":[0,0]},"meta":{"lastBranch":2,"lastFunction":4,"lastStatement":8,"seen":{"f:5:16:5:22":0,"s:6:2:6:Infinity":0,"f:8:16:8:23":1,"s:9:2:9:Infinity":1,"f:12:16:12:Infinity":2,"b:16:2:18:Infinity:undefined:undefined:undefined:undefined":0,"s:16:2:18:Infinity":2,"s:17:4:17:Infinity":3,"s:19:2:19:Infinity":4,"f:22:16:22:Infinity":3,"b:26:2:28:Infinity:undefined:undefined:undefined:undefined":1,"s:26:2:28:Infinity":5,"s:27:4:27:Infinity":6,"s:30:2:30:Infinity":7}}}
,"/home/ishida/workspaces/work_nuxt/test/user-sample/server/utils/db.ts": {"path":"/home/ishida/workspaces/work_nuxt/test/user-sample/server/utils/db.ts","statementMap":{"0":{"start":{"line":3,"column":11},"end":{"line":3,"column":null}},"1":{"start":{"line":5,"column":0},"end":{"line":10,"column":null}}},"fnMap":{},"branchMap":{},"s":{"0":1,"1":1},"f":{},"b":{},"meta":{"lastBranch":0,"lastFunction":0,"lastStatement":2,"seen":{"s:3:11:3:Infinity":0,"s:5:0:10:Infinity":1}}}
}
